[debug] [2021-12-04T10:19:23.253Z] ----------------------------------------------------------------------
[debug] [2021-12-04T10:19:23.256Z] Command:       /usr/local/bin/node /usr/local/bin/firebase init hosting
[debug] [2021-12-04T10:19:23.256Z] CLI Version:   9.23.0
[debug] [2021-12-04T10:19:23.256Z] Platform:      darwin
[debug] [2021-12-04T10:19:23.257Z] Node Version:  v14.17.1
[debug] [2021-12-04T10:19:23.259Z] Time:          Sat Dec 04 2021 12:19:23 GMT+0200 (Eastern European Standard Time)
[debug] [2021-12-04T10:19:23.259Z] ----------------------------------------------------------------------
[debug] 
[debug] [2021-12-04T10:19:23.327Z] > command requires scopes: ["email","openid","https://www.googleapis.com/auth/cloudplatformprojects.readonly","https://www.googleapis.com/auth/firebase","https://www.googleapis.com/auth/cloud-platform"]
[debug] [2021-12-04T10:19:23.327Z] > authorizing via signed-in user (flaviu024@gmail.com)
[info] 
     ######## #### ########  ######## ########     ###     ######  ########
     ##        ##  ##     ## ##       ##     ##  ##   ##  ##       ##
     ######    ##  ########  ######   ########  #########  ######  ######
     ##        ##  ##    ##  ##       ##     ## ##     ##       ## ##
     ##       #### ##     ## ######## ########  ##     ##  ######  ########

You're about to initialize a Firebase project in this directory:

  /Users/admin/Documents/Personal/Polihack/polihack

Before we get started, keep in mind:

  * You are initializing within an existing Firebase project directory

[info] 
=== Project Setup
[info] 
[info] First, let's associate this project directory with a Firebase project.
[info] You can create multiple project aliases by running firebase use --add, 
[info] but for now we'll just set up a default project.
[info] 
[info] i  .firebaserc already has a default project, using wastecan-55bcc. 
[debug] [2021-12-04T10:19:23.333Z] > refreshing access token with scopes: []
[debug] [2021-12-04T10:19:23.334Z] >>> HTTP REQUEST POST https://www.googleapis.com/oauth2/v3/token  
 <request body omitted>
[debug] [2021-12-04T10:19:23.510Z] <<< HTTP RESPONSE 200 {"pragma":"no-cache","cache-control":"no-cache, no-store, max-age=0, must-revalidate","expires":"Mon, 01 Jan 1990 00:00:00 GMT","date":"Sat, 04 Dec 2021 10:19:23 GMT","content-type":"application/json; charset=utf-8","vary":"X-Origin, Referer, Origin,Accept-Encoding","server":"scaffolding on HTTPServer2","x-xss-protection":"0","x-frame-options":"SAMEORIGIN","x-content-type-options":"nosniff","alt-svc":"h3=\":443\"; ma=2592000,h3-29=\":443\"; ma=2592000,h3-Q050=\":443\"; ma=2592000,h3-Q046=\":443\"; ma=2592000,h3-Q043=\":443\"; ma=2592000,quic=\":443\"; ma=2592000; v=\"46,43\"","accept-ranges":"none","transfer-encoding":"chunked"}
[debug] [2021-12-04T10:19:23.582Z] >>> [apiv2][query] GET https://firebase.googleapis.com/v1beta1/projects/wastecan-55bcc [none]
[debug] [2021-12-04T10:19:23.973Z] <<< [apiv2][status] GET https://firebase.googleapis.com/v1beta1/projects/wastecan-55bcc 200
[debug] [2021-12-04T10:19:23.973Z] <<< [apiv2][body] GET https://firebase.googleapis.com/v1beta1/projects/wastecan-55bcc {"projectId":"wastecan-55bcc","projectNumber":"1055838897299","displayName":"wastecan","name":"projects/wastecan-55bcc","resources":{"hostingSite":"wastecan-55bcc","storageBucket":"wastecan-55bcc.appspot.com","locationId":"europe-west"},"state":"ACTIVE"}
[info] 
=== Hosting Setup
[info] 
[info] Your public directory is the folder (relative to your project directory) that
[info] will contain Hosting assets to be uploaded with firebase deploy. If you
[info] have a build process for your assets, use your build's output directory.
[info] 
